c:\users\bianca\desktop\sdfsdfsdf\proiectmagazin\debug\vc142.pdb
c:\users\bianca\desktop\sdfsdfsdf\proiectmagazin\debug\vc142.idb
c:\users\bianca\desktop\sdfsdfsdf\proiectmagazin\debug\user.obj
c:\users\bianca\desktop\sdfsdfsdf\proiectmagazin\debug\proiectmagazin.obj
c:\users\bianca\desktop\sdfsdfsdf\proiectmagazin\debug\produse.obj
c:\users\bianca\desktop\sdfsdfsdf\proiectmagazin\debug\pc.obj
c:\users\bianca\desktop\sdfsdfsdf\proiectmagazin\debug\meniu.obj
c:\users\bianca\desktop\sdfsdfsdf\proiectmagazin\debug\login.obj
c:\users\bianca\desktop\sdfsdfsdf\proiectmagazin\debug\iproduse.obj
c:\users\bianca\desktop\sdfsdfsdf\proiectmagazin\debug\credentiale.obj
c:\users\bianca\desktop\sdfsdfsdf\proiectmagazin\debug\componenteoffice.obj
c:\users\bianca\desktop\sdfsdfsdf\proiectmagazin\debug\componentegaming.obj
c:\users\bianca\desktop\sdfsdfsdf\proiectmagazin\debug\admin.obj
c:\users\bianca\desktop\sdfsdfsdf\proiectmagazin\debug\proiectmagazin.pdb
c:\users\bianca\desktop\sdfsdfsdf\proiectmagazin\debug\proiectmagazin.tlog\cl.command.1.tlog
c:\users\bianca\desktop\sdfsdfsdf\proiectmagazin\debug\proiectmagazin.tlog\cl.read.1.tlog
c:\users\bianca\desktop\sdfsdfsdf\proiectmagazin\debug\proiectmagazin.tlog\cl.write.1.tlog
c:\users\bianca\desktop\sdfsdfsdf\proiectmagazin\debug\proiectmagazin.tlog\link-cvtres.read.1.tlog
c:\users\bianca\desktop\sdfsdfsdf\proiectmagazin\debug\proiectmagazin.tlog\link-cvtres.write.1.tlog
c:\users\bianca\desktop\sdfsdfsdf\proiectmagazin\debug\proiectmagazin.tlog\link-rc.read.1.tlog
c:\users\bianca\desktop\sdfsdfsdf\proiectmagazin\debug\proiectmagazin.tlog\link-rc.write.1.tlog
c:\users\bianca\desktop\sdfsdfsdf\proiectmagazin\debug\proiectmagazin.tlog\link.command.1.tlog
c:\users\bianca\desktop\sdfsdfsdf\proiectmagazin\debug\proiectmagazin.tlog\link.read.1.tlog
c:\users\bianca\desktop\sdfsdfsdf\proiectmagazin\debug\proiectmagazin.tlog\link.write.1.tlog
