e:\aaaaaaaaaaaa\poo\proiectpoo\debug\vc142.pdb
e:\aaaaaaaaaaaa\poo\proiectpoo\debug\vc142.idb
e:\aaaaaaaaaaaa\poo\proiectpoo\debug\user.obj
e:\aaaaaaaaaaaa\poo\proiectpoo\debug\credentiale.obj
e:\aaaaaaaaaaaa\poo\proiectpoo\debug\proiectpoo.obj
e:\aaaaaaaaaaaa\poo\proiectpoo\debug\produse.obj
e:\aaaaaaaaaaaa\poo\proiectpoo\debug\pc.obj
e:\aaaaaaaaaaaa\poo\proiectpoo\debug\meniu.obj
e:\aaaaaaaaaaaa\poo\proiectpoo\debug\login.obj
e:\aaaaaaaaaaaa\poo\proiectpoo\debug\laptop.obj
e:\aaaaaaaaaaaa\poo\proiectpoo\debug\componenteoffice.obj
e:\aaaaaaaaaaaa\poo\proiectpoo\debug\componentegaming.obj
e:\aaaaaaaaaaaa\poo\proiectpoo\debug\admin.obj
e:\aaaaaaaaaaaa\poo\proiectpoo\debug\iproduse.obj
e:\aaaaaaaaaaaa\poo\proiectpoo\debug\proiectpoo.ilk
e:\aaaaaaaaaaaa\poo\proiectpoo\debug\proiectpoo.exe
e:\aaaaaaaaaaaa\poo\proiectpoo\debug\proiectpoo.pdb
e:\aaaaaaaaaaaa\poo\proiectpoo\debug\proiectpoo.tlog\cl.command.1.tlog
e:\aaaaaaaaaaaa\poo\proiectpoo\debug\proiectpoo.tlog\cl.read.1.tlog
e:\aaaaaaaaaaaa\poo\proiectpoo\debug\proiectpoo.tlog\cl.write.1.tlog
e:\aaaaaaaaaaaa\poo\proiectpoo\debug\proiectpoo.tlog\link-cvtres.read.1.tlog
e:\aaaaaaaaaaaa\poo\proiectpoo\debug\proiectpoo.tlog\link-cvtres.write.1.tlog
e:\aaaaaaaaaaaa\poo\proiectpoo\debug\proiectpoo.tlog\link-rc.read.1.tlog
e:\aaaaaaaaaaaa\poo\proiectpoo\debug\proiectpoo.tlog\link-rc.write.1.tlog
e:\aaaaaaaaaaaa\poo\proiectpoo\debug\proiectpoo.tlog\link.19980-cvtres.read.1.tlog
e:\aaaaaaaaaaaa\poo\proiectpoo\debug\proiectpoo.tlog\link.19980-cvtres.write.1.tlog
e:\aaaaaaaaaaaa\poo\proiectpoo\debug\proiectpoo.tlog\link.19980-rc.read.1.tlog
e:\aaaaaaaaaaaa\poo\proiectpoo\debug\proiectpoo.tlog\link.19980-rc.write.1.tlog
e:\aaaaaaaaaaaa\poo\proiectpoo\debug\proiectpoo.tlog\link.19980.read.1.tlog
e:\aaaaaaaaaaaa\poo\proiectpoo\debug\proiectpoo.tlog\link.19980.write.1.tlog
e:\aaaaaaaaaaaa\poo\proiectpoo\debug\proiectpoo.tlog\link.command.1.tlog
e:\aaaaaaaaaaaa\poo\proiectpoo\debug\proiectpoo.tlog\link.read.1.tlog
e:\aaaaaaaaaaaa\poo\proiectpoo\debug\proiectpoo.tlog\link.write.1.tlog
