  ProiectMagazin.cpp
C:\Users\bianca\Desktop\sdfsdfsdf\ProiectMagazin\ProiectMagazin.cpp(28,125): warning C4305: 'argument': truncation from 'double' to 'float'
C:\Users\bianca\Desktop\sdfsdfsdf\ProiectMagazin\ProiectMagazin.cpp(30,128): warning C4305: 'argument': truncation from 'double' to 'float'
C:\Users\bianca\Desktop\sdfsdfsdf\ProiectMagazin\ProiectMagazin.cpp(78,56): warning C4267: 'argument': conversion from 'size_t' to 'int', possible loss of data
C:\Users\bianca\Desktop\sdfsdfsdf\ProiectMagazin\ProiectMagazin.cpp(86,56): warning C4267: 'argument': conversion from 'size_t' to 'int', possible loss of data
C:\Users\bianca\Desktop\sdfsdfsdf\ProiectMagazin\ProiectMagazin.cpp(115,55): warning C4267: 'argument': conversion from 'size_t' to 'int', possible loss of data
  admin.cpp
  componenteGaming.cpp
  componenteOffice.cpp
  login.cpp
  meniu.cpp
C:\Users\bianca\Desktop\sdfsdfsdf\ProiectMagazin\meniu.cpp(122,41): warning C4267: '=': conversion from 'size_t' to 'int', possible loss of data
C:\Users\bianca\Desktop\sdfsdfsdf\ProiectMagazin\meniu.cpp(143,11): warning C4244: 'argument': conversion from 'float' to 'const unsigned __int64', possible loss of data
C:\Users\bianca\Desktop\sdfsdfsdf\ProiectMagazin\meniu.cpp(160,20): warning C4267: '=': conversion from 'size_t' to 'int', possible loss of data
  pc.cpp
  produse.cpp
  user.cpp
C:\Users\bianca\Desktop\sdfsdfsdf\ProiectMagazin\user.cpp(61,19): warning C4267: 'return': conversion from 'size_t' to 'int', possible loss of data
  Generating Code...
  ProiectMagazin.vcxproj -> C:\Users\bianca\Desktop\sdfsdfsdf\ProiectMagazin\x64\Debug\ProiectMagazin.exe
